app/build/intermediates/manifest_merge_blame_file/release/processReleaseMainManifest/manifest-merger-blame-release-report.txt
1<?xml version="1.0" encoding="utf-8"?>
2<manifest xmlns:android="http://schemas.android.com/apk/res/android"
3    package="com.cinat.apkhtml"
4    android:versionCode="1"
5    android:versionName="1.0.0" >
6
7    <uses-sdk
8        android:minSdkVersion="21"
9        android:targetSdkVersion="34" />
10
11    <uses-permission android:name="android.permission.INTERNET" />
11-->src\main\AndroidManifest.xml:3:5-67
11-->src\main\AndroidManifest.xml:3:22-64
12    <uses-permission android:name="android.permission.ACCESS_NETWORK_STATE" />
12-->src\main\AndroidManifest.xml:4:5-79
12-->src\main\AndroidManifest.xml:4:22-76
13    <uses-permission
13-->src\main\AndroidManifest.xml:5:5-6:38
14        android:name="android.permission.WRITE_EXTERNAL_STORAGE"
14-->src\main\AndroidManifest.xml:5:22-78
15        android:maxSdkVersion="28" />
15-->src\main\AndroidManifest.xml:6:9-35
16
17    <application
17-->src\main\AndroidManifest.xml:8:5-34:19
18        android:allowBackup="true"
18-->src\main\AndroidManifest.xml:12:9-35
19        android:extractNativeLibs="true"
20        android:icon="@mipmap/ic_launcher"
20-->src\main\AndroidManifest.xml:10:9-43
21        android:label="@string/app_name"
21-->src\main\AndroidManifest.xml:9:9-41
22        android:roundIcon="@mipmap/ic_launcher_round"
22-->src\main\AndroidManifest.xml:11:9-54
23        android:supportsRtl="true"
23-->src\main\AndroidManifest.xml:13:9-35
24        android:theme="@style/AppTheme"
24-->src\main\AndroidManifest.xml:14:9-40
25        android:usesCleartextTraffic="false" >
25-->src\main\AndroidManifest.xml:15:9-45
26        <activity
26-->src\main\AndroidManifest.xml:17:9-27:20
27            android:name="com.cinat.apkhtml.SplashActivity"
27-->src\main\AndroidManifest.xml:18:13-43
28            android:configChanges="orientation|screenSize"
28-->src\main\AndroidManifest.xml:22:13-59
29            android:exported="true"
29-->src\main\AndroidManifest.xml:19:13-36
30            android:screenOrientation="portrait"
30-->src\main\AndroidManifest.xml:21:13-49
31            android:theme="@style/SplashTheme" >
31-->src\main\AndroidManifest.xml:20:13-47
32            <intent-filter>
32-->src\main\AndroidManifest.xml:23:13-26:29
33                <action android:name="android.intent.action.MAIN" />
33-->src\main\AndroidManifest.xml:24:17-69
33-->src\main\AndroidManifest.xml:24:25-66
34
35                <category android:name="android.intent.category.LAUNCHER" />
35-->src\main\AndroidManifest.xml:25:17-77
35-->src\main\AndroidManifest.xml:25:27-74
36            </intent-filter>
37        </activity>
38        <activity
38-->src\main\AndroidManifest.xml:29:9-33:47
39            android:name="com.cinat.apkhtml.MainActivity"
39-->src\main\AndroidManifest.xml:30:13-41
40            android:configChanges="orientation|screenSize|keyboardHidden"
40-->src\main\AndroidManifest.xml:32:13-74
41            android:exported="false"
41-->src\main\AndroidManifest.xml:31:13-37
42            android:launchMode="singleTask" />
42-->src\main\AndroidManifest.xml:33:13-44
43    </application>
44
45</manifest>